[debug] [2024-07-28T12:23:58.885Z] ----------------------------------------------------------------------
[debug] [2024-07-28T12:23:58.890Z] Command:       C:\Program Files\nodejs\node.exe C:\Users\EMIS.SCHOOL-PC\AppData\Roaming\npm\node_modules\firebase-tools\lib\bin\firebase.js init
[debug] [2024-07-28T12:23:58.891Z] CLI Version:   13.14.2
[debug] [2024-07-28T12:23:58.891Z] Platform:      win32
[debug] [2024-07-28T12:23:58.891Z] Node Version:  v20.16.0
[debug] [2024-07-28T12:23:58.892Z] Time:          Sun Jul 28 2024 16:23:58 GMT+0400 (Грузия, стандартное время)
[debug] [2024-07-28T12:23:58.892Z] ----------------------------------------------------------------------
[debug] 
[debug] [2024-07-28T12:23:58.996Z] > command requires scopes: ["email","openid","https://www.googleapis.com/auth/cloudplatformprojects.readonly","https://www.googleapis.com/auth/firebase","https://www.googleapis.com/auth/cloud-platform"]
[debug] [2024-07-28T12:23:58.997Z] > authorizing via signed-in user (beprogeo111@gmail.com)
[info] 
     ######## #### ########  ######## ########     ###     ######  ########
     ##        ##  ##     ## ##       ##     ##  ##   ##  ##       ##
     ######    ##  ########  ######   ########  #########  ######  ######
     ##        ##  ##    ##  ##       ##     ## ##     ##       ## ##
     ##       #### ##     ## ######## ########  ##     ##  ######  ########

You're about to initialize a Firebase project in this directory:

  C:\Users\EMIS.SCHOOL-PC\Desktop\BeProGeo

Before we get started, keep in mind:

  * You are initializing within an existing Firebase project directory

[info] 
=== Project Setup
[info] 
[info] First, let's associate this project directory with a Firebase project.
[info] You can create multiple project aliases by running firebase use --add, 
[info] but for now we'll just set up a default project.
[info] 
[debug] [2024-07-28T12:24:30.249Z] Using project from CLI flag: beprogeo-5b650
[debug] [2024-07-28T12:24:30.253Z] >>> [apiv2][query] GET https://firebase.googleapis.com/v1beta1/projects/beprogeo-5b650 [none]
[debug] [2024-07-28T12:24:30.822Z] <<< [apiv2][status] GET https://firebase.googleapis.com/v1beta1/projects/beprogeo-5b650 403
[debug] [2024-07-28T12:24:30.823Z] <<< [apiv2][body] GET https://firebase.googleapis.com/v1beta1/projects/beprogeo-5b650 {"error":{"code":403,"message":"The caller does not have permission","status":"PERMISSION_DENIED"}}
[debug] [2024-07-28T12:24:30.823Z] HTTP Error: 403, The caller does not have permission
[debug] [2024-07-28T12:24:31.057Z] FirebaseError: HTTP Error: 403, The caller does not have permission
    at responseToError (C:\Users\EMIS.SCHOOL-PC\AppData\Roaming\npm\node_modules\firebase-tools\lib\responseToError.js:49:12)
    at RetryOperation._fn (C:\Users\EMIS.SCHOOL-PC\AppData\Roaming\npm\node_modules\firebase-tools\lib\apiv2.js:305:77)
    at process.processTicksAndRejections (node:internal/process/task_queues:95:5)
[error] 
[error] Error: Failed to get Firebase project beprogeo-5b650. Please make sure the project exists and your account has permission to access it.
